00000000 a __dldi_lma
00000000 a __end__
00000000 A __sync_synchronize
01ff8000 t __itcm_start
01ff8038 00000018 T __excpt_vectors
01ff8050 00000088 t threadReschedule
01ff80d8 000000d8 T threadBlock
01ff81b0 000000c0 T threadUnblockOneByValue
01ff8270 00000130 T threadUnblockAllByValue
01ff83a0 00000134 T threadUnblockAllByMask
01ff84d4 0000002c T armContextSave
01ff8500 00000020 T armContextLoad
01ff8504 T armContextLoadFromSvc
01ff8520 00000008 T armWaitForIrq
01ff8528 00000004 t __arm_excpt_rst
01ff852c 00000004 t __arm_excpt_pabt
01ff8530 0000000c t __arm_excpt_und
01ff853c 0000000c t __arm_excpt_dabt
01ff8548 00000030 t __excpt_entry
01ff8578 000000e4 t __arm_excpt_irq
01ff865c 0000000c T armDrainWriteBuffer
01ff8668 00000028 T armDCacheFlushAll
01ff8690 0000000c T armICacheInvalidateAll
01ff869c t __itcm_end
02001000 t __crt0_start
02001000 00000060 t __ds9_bootstub_trampoline
02001060 00000074 T crt0ProcessLoadList
020010d4 00000180 T crt0Startup
02001254 0000004c T crt0CopyMem32
020012a0 00000058 T crt0FillMem32
020012f8 000000b4 T crt0SetupMPU
020013c0 t __crt0_end
020013c0 T _init
020013c0 t __main_start
020013cc 00000022 T exit
020013f0 000000d8 T main
020014c8 t __do_global_dtors_aux
020014f4 t frame_dummy
02001518 000000b4 T drawPuzzle
020015cc 0000006c T checkIfText
02001638 000000e8 T bgUpdate
02001720 000000a8 T bgInit_call
020017c8 000000b0 T bgInitSub_call
02001878 000000e0 t newRow
02001958 000000e0 T consolePrintChar
02001a38 00000344 T con_write
02001d7c 000002e8 T consoleLoadFont
02002064 00000170 T consoleInit
020021d4 00000040 T consoleDemoInit
02002214 0000006c T scanKeys
02002280 00000010 T keysDown
02002290 0000004c T sinLutLookup
020022dc 00000038 T sinLerp
02002314 00000044 T cosLerp
02002358 0000009c T threadExit
020023f4 00000010 t _threadTickTask
02002404 00000098 T _threadInit
0200249c 000000a4 T threadPrepare
02002540 000000c8 T threadStart
02002608 000000a0 T threadIrqWait
020026a8 00000058 T threadSleepTicks
02002700 00000028 T keypadGetState
02002728 00000058 T touchRead
02002780 0000001c t _tickCountIsr
0200279c 00000084 t _tickTaskSchedule.part.0.isra.0
02002820 000000a0 T tickInit
020028c0 0000005c T tickGetCount
0200291c 00000110 t _tickTaskIsr
02002a2c 00000144 T tickTaskStart
02002b70 00000014 T __syscall_getreent
02002b84 00000024 T __errno
02002ba8 00000004 T __syscall_lock_acquire
02002bac 00000004 T __syscall_lock_release
02002bb0 0000004c T __syscall_lock_acquire_recursive
02002bfc 00000018 T __syscall_lock_release_recursive
02002c14 00000004 t _pxiMailboxHandler
02002c18 00000004 W _pxiRecvUnhandled
02002c1c 00000154 t _pxiRecvIrqHandler
02002d70 00000058 T _pxiInit
02002dc8 00000074 T pxiSetHandler
02002e3c 00000068 T pxiSetMailbox
02002ea4 00000038 T pxiWaitRemote
02002edc 00000050 T pxiSendPacket
02002f2c 00000004 W systemUserStartup
02002f30 00000104 W systemStartup
02003034 00000064 T irqSet
02003098 000001cc t threadUpdateDynamicPrio
02003264 000001c8 t threadRemoveWaiter
0200342c 00000150 T mutexLock
0200357c 000000d0 T mutexUnlock
0200364c 00000098 T mailboxTrySend
020036e4 00000098 T mailboxRecv
0200377c 00000040 t _pmCallEventHandlers
020037bc 000000a0 t _pmPxiThreadMain
0200385c 00000028 t _pmResetPxiHandler
02003884 00000004 W systemUserExit
02003888 00000004 W systemErrorExit
0200388c 00000138 T __syscall_exit
020039c4 00000058 T pmInit
02003a1c T __aeabi_idiv
02003a1c 00000130 T __divsi3
02003a24 t .divsi3_skip_div0_test
02003b4c 00000020 T __aeabi_idivmod
02003b6c 00000002 W __aeabi_idiv0
02003b6c 00000002 W __aeabi_ldiv0
02003b70 T __aeabi_uldivmod
02003bac 00000192 T __udivmoddi4
02003d40 00000028 T __clzdi2
02003d68 00000048 T __clzsi2
02003db0 00000052 T __libc_init_array
02003e04 00000050 T siscanf
02003e54 00000550 T _malloc_r
020043a4 000000ac T _malloc_trim_r
02004450 000001d8 T _free_r
02004628 0000008c T memset
020046b4 00000014 T __malloc_lock
020046c8 00000014 T __malloc_unlock
020046dc 0000000c W __call_exitprocs
020046e8 000001ac T setvbuf
02004894 000000b0 T memcpy
02004944 00000026 T iprintf
0200496c 00000034 T __sread
02004998 a __crt0_lma
020049a0 00000004 T __seofread
020049a4 0000004c T __swrite
020049f0 0000003c T __sseek
02004a2c 00000010 T __sclose
02004a3c 00000404 t get_arg
02004d58 a __itcm_lma
02004d58 a __loadlist_lma
02004e40 000016ce T _vfiprintf_r
02006510 0000007c t __sbprintf
0200658c 00000060 T strlen
020065ec 0000003e t get_arg
0200662a 0000007e T _sungetc_r
020066a8 00000042 T __ssrefill_r
020066ea 00000088 T _sfread_r
02006774 00001982 T __ssvfiscanf_r
020080f8 00000020 t stdio_exit_handler
02008118 00000040 t cleanup_stdio
02008158 00000120 t global_stdio_init.part.0
02008278 0000003c T __sinit
020082b4 00000014 T __sfp_lock_acquire
020082c8 00000014 T __sfp_lock_release
020082dc 00000150 t _strtoul_l.isra.0
0200842c 00000020 T _strtoul_r
0200844c 0000004c T _fwalk_sglue
02008498 00000024 T __sprint_r
020084bc 0000000e T iswspace
020084cc 0000001c T _localeconv_r
020084e8 00000018 T realloc
02008500 00000074 T memchr
02008574 00000084 T _wcrtomb_r
020085f8 0000025c t _strtol_l.part.0
02008854 00000034 T _strtol_r
02008888 0000002e T __libc_fini_array
020088b8 00000026 T malloc
020088e0 00000014 T free
020088f4 000000b0 T __sccl
020089a4 00000180 T __sflush_r
02008b24 0000006e T _fflush_r
02008b94 000000e0 T __smakebuf_r
02008c74 0000005c T __swhatbuf_r
02008cd0 00000344 T _realloc_r
02009014 00000068 T strncpy
0200907c 000001c0 t _strtoull_l.isra.0
0200923c 00000020 T _strtoull_r
0200925c 0000001e T _wcsrtombs_r
0200927c 00000098 T _mbrtowc_r
02009314 000000d2 T __swsetup_r
020093e8 0000031a T __sfvwrite_r
02009704 000000cc T memmove
020097d0 00000028 T iswspace_l
020097f8 000000da T _fclose_r
020098d4 00000300 t _strtoll_l.isra.0
02009bd4 00000020 T _strtoll_r
02009bf4 00000020 T __locale_mb_cur_max
02009c14 0000007c T __submore
02009c90 00000118 T _memalign_r
02009da8 0000011c T _wcsnrtombs_l
02009ec4 00000040 T _wcsnrtombs_r
02009f04 0000024a T __utf8_mbtowc
0200a150 0000005c T category
0200a1ac 000000bc T __utf8_wctomb
0200a268 00000014 T _exit
0200a27c 0000005a T _fstat_r
0200a2d8 00000020 T __getreent
0200a2f8 00000034 T __get_handle
0200a32c 000000ae T _close_r
0200a3dc 00000004 t null_write
0200a3e0 00000004 T _isatty_r
0200a3e4 00000062 T _lseek_r
0200a448 0000005a T _read_r
0200a4a4 00000050 W _sbrk_r
0200a4f4 00000018 T __libc_lock_acquire
0200a50c 00000018 T __libc_lock_release
0200a524 00000018 T __libc_lock_acquire_recursive
0200a53c 00000018 T __libc_lock_release_recursive
0200a554 0000005a T _write_r
0200a5b0 00000012 T __gnu_thumb1_case_uqi
0200a5c4 00000014 T __gnu_thumb1_case_uhi
0200a5d8 T __aeabi_uidiv
0200a5d8 000000fc T __udivsi3
0200a5d8 t .udivsi3_skip_div0_test
0200a6d4 00000020 T __aeabi_uidivmod
0200a6f4 00000056 T __aeabi_lmul
0200a6f4 00000056 T __muldi3
0200a74c T _fini
0200a758 00000008 t ____aeabi_idiv0_from_arm
0200a760 00000008 t ____aeabi_ldiv0_from_arm
0200a948 00004a7c t allPuzzles
0200f498 00000080 t dotab_stdout
0200f518 00000102 T SIN_LUT
0200f61c T default_font_bin
0200fe1c T default_font_bin_end
0200fe48 00000010 t zeroes.0
0200fe58 00000010 t blanks.1
0200fe68 00000022 t basefix.0
0200fe8c 00000101 T _ctype_
0200ff90 0000006c T __action_table
0200fffc 0000006c T __state_table
02010068 00000100 T __chclass
02010168 000035dc t categories
02013744 00000080 T dotab_stdnull
020137c8 00000020 D bgTransform
020137e8 00000020 D bgScrollTable
02013808 00000020 D bgControl
02013828 00000001 d firstConsoleInit.0
0201382c 00000004 D currentConsole
02013830 0000005c D defaultConsole
0201388c 00000001 d count
0201388d 00000001 d repeat
0201388e 00000001 d delay
02013890 00000004 D __malloc_sbrk_base
02013894 00000004 D __malloc_trim_threshold
02013898 00000408 D __malloc_av_
02013ca0 0000000c D __sglue
02013cac 00000004 D _impure_ptr
02013cb0 00000140 D _impure_data
02013df0 0000016c D __global_locale
02013f60 00001000 d handles
02014f60 0000000c d __stderr_handle
02014f6c 0000000c d __stdout_handle
02014f78 0000000c d __stdin_handle
02014f84 0000008c D devoptab_list
02015010 r __EH_FRAME_BEGIN__
02015010 r __FRAME_END__
02015014 r __tls_info
02015020 d __frame_dummy_init_array_entry
02015020 d __init_array_start
02015020 d __preinit_array_end
02015020 d __preinit_array_start
02015024 d __do_global_dtors_aux_fini_array_entry
02015024 d __fini_array_start
02015024 d __init_array_end
02015028 b completed.1
02015028 d __fini_array_end
02015028 d __main_end
02015028 ? __tls_end
02015028 ? __tls_start
0201502c b object.0
02015044 00000004 B videoBuffer
02015048 00000008 B bgIsTextLut
02015050 00000140 B bgState
02015190 0000005c B currentCopy
020151ec 00000002 b keysrepeat
020151f0 00000004 b s_keypad
020151f4 00000008 b s_sleepThreads
020151fc 00000008 b s_joinThreads
02015204 00000070 b s_idleThread
02015274 00000070 b s_mainThread
020152e4 00000004 b s_firstTask
020152e8 00000008 b s_highTickCount
020152f0 00000001 b s_tickInit
020152f4 00000004 b s_defaultErrno.0
020152f8 00000004 V __stacksize__
020152fc 00000001 B g_isTwlMode
02015300 000001f0 b s_pxiChannels
020154f0 00000004 b s_pxiRecvState
020154f4 00000008 b s_pxiRecvQueue
020154fc 00000004 b s_pxiSendMutex
02015500 00000008 b s_mailboxRecvQueue
02015508 00000200 b s_pmPxiThreadStack
02015708 00000070 b s_pmPxiThread
02015778 00000008 b s_pmState
02015780 00000028 B __malloc_current_mallinfo
020157a8 00000004 B __malloc_max_total_mem
020157ac 00000004 B __malloc_max_sbrked_mem
020157b0 00000004 B __malloc_top_pad
020157b4 0000000c b __malloc_recursive_mutex
020157c0 0000000c b __sfp_recursive_mutex
020157d0 00000168 B __sf
02015938 00000004 B __stdio_exit_handler
0201593c 00000004 b __hndl_lock
02015940 00000004 B fake_heap_start
02015944 00000004 B fake_heap_end
02015948 00000004 b heap_start.0
0201594c b __heap_start_ntr
0201594c b __main_bss_end
02015960 r __heap_start_twl
02015960 ? __twl_bss_end
02015960 ? __twl_end
02015960 ? __twl_start
0201905c a __loadlist_start
0201908c a __loadlist_end
02400000 a __twl_lma
02400000 a __twl_loadlist_lma
02400000 a __twl_loadlist_start
0240000c a __twl_loadlist_end
02ff0000 ? __dtcm_end
02ff0000 ? __dtcm_start
02ff0000 00000080 B __irq_table
02ff0080 00000018 B __sched_state
02ff0098 b __dtcm_bss_end
02ff3e80 d __sp_usr
02ff3f80 a __sp_irq
02ff3fc0 a __sp_svc
02ff3ff8 a __irq_flags
0e000800 00000198 T __ds9_bootstub
ffff0008 a __arm_excpt_svc
